<?xml version="1.0" encoding="UTF-8"?>
<testsuite name="TriangleTest" tests="1" skipped="0" failures="0" errors="0" timestamp="2020-11-29T09:20:19" hostname="DESKTOP-G8OE7K7" time="0.004">
  <properties/>
  <testcase name="triangleTest" classname="TriangleTest" time="0.004"/>
  <system-out><![CDATA[this is the construct of the Shape abstract class
0.0
]]></system-out>
  <system-err><![CDATA[]]></system-err>
</testsuite>
